生成启动时间为 2014/12/29 17:59:59。
     1>项目“F:\c++\project\Lend\Lend\Lend.vcxproj”在节点 2 上(Build 个目标)。
     1>ClCompile:
         E:\安装程序\VC\bin\CL.exe /c /ZI /nologo /W3 /WX- /sdl /Od /Oy- /D WIN32 /D _DEBUG /D _CONSOLE /D _LIB /D _UNICODE /D UNICODE /Gm /EHsc /RTC1 /MDd /GS /fp:precise /Zc:wchar_t /Zc:forScope /Fo"Debug\\" /Fd"Debug\vc120.pdb" /Gd /TP /analyze- /errorReport:prompt AVLTree.cpp Interface.cpp UserInfo.cpp main.cpp
         UserInfo.cpp
         Interface.cpp
         AVLTree.cpp
         正在生成代码...
         正在编译...
         main.cpp
         正在生成代码...
       Link:
         E:\安装程序\VC\bin\link.exe /ERRORREPORT:PROMPT /OUT:"F:\c++\project\Lend\Debug\Lend.exe" /INCREMENTAL /NOLOGO kernel32.lib user32.lib gdi32.lib winspool.lib comdlg32.lib advapi32.lib shell32.lib ole32.lib oleaut32.lib uuid.lib odbc32.lib odbccp32.lib /MANIFEST /MANIFESTUAC:"level='asInvoker' uiAccess='false'" /manifest:embed /DEBUG /PDB:"F:\c++\project\Lend\Debug\Lend.pdb" /SUBSYSTEM:CONSOLE /TLBID:1 /DYNAMICBASE /NXCOMPAT /IMPLIB:"F:\c++\project\Lend\Debug\Lend.lib" /MACHINE:X86 Debug\AVLTree.obj
         Debug\Interface.obj
         Debug\main.obj
         Debug\UserInfo.obj
         Lend.vcxproj -> F:\c++\project\Lend\Debug\Lend.exe
     1>已完成生成项目“F:\c++\project\Lend\Lend\Lend.vcxproj”(Build 个目标)的操作。

生成成功。

已用时间 00:00:03.38
